<?xml version="1.0" encoding="UTF-8"?>
<testsuite name="edu.rice.comp504.model.BallWorldStoreTest" time="0.033" tests="9" errors="0" skipped="0" failures="0">
  <properties>
[...]
</properties>
  <testcase name="testLoadObject" classname="edu.rice.comp504.model.BallWorldStoreTest" time="0.01"/>
  <testcase name="testBallWallCollision" classname="edu.rice.comp504.model.BallWorldStoreTest" time="0.001"/>
  <testcase name="testFishWallCollision" classname="edu.rice.comp504.model.BallWorldStoreTest" time="0.011"/>
  <testcase name="testRemoveFewObjects" classname="edu.rice.comp504.model.BallWorldStoreTest" time="0.004"/>
  <testcase name="testAddObject" classname="edu.rice.comp504.model.BallWorldStoreTest" time="0.001"/>
  <testcase name="testBallBallCollision" classname="edu.rice.comp504.model.BallWorldStoreTest" time="0.004"/>
  <testcase name="testRemoveObjects" classname="edu.rice.comp504.model.BallWorldStoreTest" time="0"/>
  <testcase name="testUpdateBallWorld" classname="edu.rice.comp504.model.BallWorldStoreTest" time="0.001"/>
  <testcase name="testSwitchObject" classname="edu.rice.comp504.model.BallWorldStoreTest" time="0.001"/>
</testsuite>